[backblue.gif]
[fade.gif]
[index.html]
[localhost_8085/img/favicon-green.png]
[localhost_8085/js/highlight.min.js]
[localhost_8085/js/custom.js]
[localhost_8085/index.html]
[localhost_8085/img/glyphicons-halflings.png]
[localhost_8085/css/daux-green.css]
[localhost_8085/img/glyphicons-halflings-white.png]
[localhost_8085/The_Problem.html]
[localhost_8085/img/y/MockMap.png]
[localhost_8085/The_Solution.html]
[localhost_8085/The_Core.html]
[localhost_8085/Appeal/Holistic.html]
[localhost_8085/Appeal/To_Consumers.html]
[localhost_8085/Appeal/To_Reporters.html]
[localhost_8085/Sourcing.html]
[localhost_8085/img/y/Dia_Types_Global.png]
[localhost_8085/App/Discover.html]
[localhost_8085/App/Report.html]
[localhost_8085/Business_Objectives/Locations.html]
[localhost_8085/Business_Objectives/Short_Term.html]
[localhost_8085/Business_Objectives/Mid_Term.html]
[localhost_8085/Business_Objectives/Long_Term.html]
[localhost_8085/Glossary/Emergent_Event.html]
[localhost_8085/Glossary/Event.html]
